# JRE version: Java(TM) SE Runtime Environment (8.0_121-b13) (build 1.8.0_121-b13)
# Java VM: Java HotSpot(TM) 64-Bit Server VM (25.121-b13 mixed mode linux-amd64 compressed oops)
Heap:
 PSYoungGen      total 363008K, used 0K [0x000000061f580000, 0x0000000645080000, 0x00000007c0000000)
  eden space 115712K, 0% used [0x000000061f580000,0x000000061f580000,0x0000000626680000)
  from space 247296K, 0% used [0x0000000626680000,0x0000000626680000,0x0000000635800000)
  to   space 236544K, 0% used [0x0000000636980000,0x0000000636980000,0x0000000645080000)
 ParOldGen       total 1524736K, used 1514269K [0x00000002de000000, 0x000000033b100000, 0x000000061f580000)
  object space 1524736K, 99% used [0x00000002de000000,0x000000033a6c7490,0x000000033b100000)
 Metaspace       used 7430K, capacity 7726K, committed 7936K, reserved 1056768K
  class space    used 819K, capacity 921K, committed 1024K, reserved 1048576K
GC Heap History (10 events):
Event: 3.762 GC heap after
Heap after GC invocations=28 (full 8):
 PSYoungGen      total 355328K, used 75567K [0x000000061f580000, 0x0000000646780000, 0x00000007c0000000)
  eden space 94208K, 0% used [0x000000061f580000,0x000000061f580000,0x0000000625180000)
  from space 261120K, 28% used [0x0000000636880000,0x000000063b24be50,0x0000000646780000)
  to   space 273408K, 0% used [0x0000000625180000,0x0000000625180000,0x0000000635c80000)
 ParOldGen       total 1227264K, used 1135875K [0x00000002de000000, 0x0000000328e80000, 0x000000061f580000)
  object space 1227264K, 92% used [0x00000002de000000,0x0000000323540cf0,0x0000000328e80000)
 Metaspace       used 7430K, capacity 7726K, committed 7936K, reserved 1056768K
  class space    used 819K, capacity 921K, committed 1024K, reserved 1048576K
}
Event: 3.762 GC heap before
{Heap before GC invocations=29 (full 9):
 PSYoungGen      total 355328K, used 75567K [0x000000061f580000, 0x0000000646780000, 0x00000007c0000000)
  eden space 94208K, 0% used [0x000000061f580000,0x000000061f580000,0x0000000625180000)
  from space 261120K, 28% used [0x0000000636880000,0x000000063b24be50,0x0000000646780000)
  to   space 273408K, 0% used [0x0000000625180000,0x0000000625180000,0x0000000635c80000)
 ParOldGen       total 1227264K, used 1135875K [0x00000002de000000, 0x0000000328e80000, 0x000000061f580000)
  object space 1227264K, 92% used [0x00000002de000000,0x0000000323540cf0,0x0000000328e80000)
 Metaspace       used 7430K, capacity 7726K, committed 7936K, reserved 1056768K
  class space    used 819K, capacity 921K, committed 1024K, reserved 1048576K
Event: 3.929 GC heap after
Heap after GC invocations=29 (full 9):
 PSYoungGen      total 355328K, used 0K [0x000000061f580000, 0x0000000646780000, 0x00000007c0000000)
  eden space 94208K, 0% used [0x000000061f580000,0x000000061f580000,0x0000000625180000)
  from space 261120K, 0% used [0x0000000636880000,0x0000000636880000,0x0000000646780000)
  to   space 273408K, 0% used [0x0000000625180000,0x0000000625180000,0x0000000635c80000)
 ParOldGen       total 1524736K, used 1211442K [0x00000002de000000, 0x000000033b100000, 0x000000061f580000)
  object space 1524736K, 79% used [0x00000002de000000,0x0000000327f0cb40,0x000000033b100000)
 Metaspace       used 7430K, capacity 7726K, committed 7936K, reserved 1056768K
  class space    used 819K, capacity 921K, committed 1024K, reserved 1048576K
}
Event: 3.949 GC heap before
{Heap before GC invocations=30 (full 9):
 PSYoungGen      total 355328K, used 94200K [0x000000061f580000, 0x0000000646780000, 0x00000007c0000000)
  eden space 94208K, 99% used [0x000000061f580000,0x000000062517e120,0x0000000625180000)
  from space 261120K, 0% used [0x0000000636880000,0x0000000636880000,0x0000000646780000)
  to   space 273408K, 0% used [0x0000000625180000,0x0000000625180000,0x0000000635c80000)
 ParOldGen       total 1524736K, used 1211442K [0x00000002de000000, 0x000000033b100000, 0x000000061f580000)
  object space 1524736K, 79% used [0x00000002de000000,0x0000000327f0cb40,0x000000033b100000)
 Metaspace       used 7430K, capacity 7726K, committed 7936K, reserved 1056768K
  class space    used 819K, capacity 921K, committed 1024K, reserved 1048576K
Event: 3.980 GC heap after
Heap after GC invocations=30 (full 9):
 PSYoungGen      total 367616K, used 93916K [0x000000061f580000, 0x0000000646080000, 0x00000007c0000000)
  eden space 94208K, 0% used [0x000000061f580000,0x000000061f580000,0x0000000625180000)
  from space 273408K, 34% used [0x0000000625180000,0x000000062ad37060,0x0000000635c80000)
  to   space 260096K, 0% used [0x0000000636280000,0x0000000636280000,0x0000000646080000)
 ParOldGen       total 1524736K, used 1211442K [0x00000002de000000, 0x000000033b100000, 0x000000061f580000)
  object space 1524736K, 79% used [0x00000002de000000,0x0000000327f0cb40,0x000000033b100000)
 Metaspace       used 7430K, capacity 7726K, committed 7936K, reserved 1056768K
  class space    used 819K, capacity 921K, committed 1024K, reserved 1048576K
}
Event: 4.000 GC heap before
{Heap before GC invocations=31 (full 9):
 PSYoungGen      total 367616K, used 188120K [0x000000061f580000, 0x0000000646080000, 0x00000007c0000000)
  eden space 94208K, 99% used [0x000000061f580000,0x000000062517f1a0,0x0000000625180000)
  from space 273408K, 34% used [0x0000000625180000,0x000000062ad37060,0x0000000635c80000)
  to   space 260096K, 0% used [0x0000000636280000,0x0000000636280000,0x0000000646080000)
 ParOldGen       total 1524736K, used 1211442K [0x00000002de000000, 0x000000033b100000, 0x000000061f580000)
  object space 1524736K, 79% used [0x00000002de000000,0x0000000327f0cb40,0x000000033b100000)
 Metaspace       used 7430K, capacity 7726K, committed 7936K, reserved 1056768K
  class space    used 819K, capacity 921K, committed 1024K, reserved 1048576K
Event: 4.092 GC heap after
Heap after GC invocations=31 (full 9):
 PSYoungGen      total 352256K, used 93562K [0x000000061f580000, 0x0000000644980000, 0x00000007c0000000)
  eden space 115712K, 0% used [0x000000061f580000,0x000000061f580000,0x0000000626680000)
  from space 236544K, 39% used [0x0000000636280000,0x000000063bdde910,0x0000000644980000)
  to   space 247296K, 0% used [0x0000000626680000,0x0000000626680000,0x0000000635800000)
 ParOldGen       total 1524736K, used 1305358K [0x00000002de000000, 0x000000033b100000, 0x000000061f580000)
  object space 1524736K, 85% used [0x00000002de000000,0x000000032dac3ba0,0x000000033b100000)
 Metaspace       used 7430K, capacity 7726K, committed 7936K, reserved 1056768K
  class space    used 819K, capacity 921K, committed 1024K, reserved 1048576K
}
Event: 4.119 GC heap before
{Heap before GC invocations=32 (full 9):
 PSYoungGen      total 352256K, used 209274K [0x000000061f580000, 0x0000000644980000, 0x00000007c0000000)
  eden space 115712K, 100% used [0x000000061f580000,0x0000000626680000,0x0000000626680000)
  from space 236544K, 39% used [0x0000000636280000,0x000000063bdde910,0x0000000644980000)
  to   space 247296K, 0% used [0x0000000626680000,0x0000000626680000,0x0000000635800000)
 ParOldGen       total 1524736K, used 1305358K [0x00000002de000000, 0x000000033b100000, 0x000000061f580000)
  object space 1524736K, 85% used [0x00000002de000000,0x000000032dac3ba0,0x000000033b100000)
 Metaspace       used 7430K, capacity 7726K, committed 7936K, reserved 1056768K
  class space    used 819K, capacity 921K, committed 1024K, reserved 1048576K
Event: 4.208 GC heap after
Heap after GC invocations=32 (full 9):
 PSYoungGen      total 363008K, used 115347K [0x000000061f580000, 0x0000000645080000, 0x00000007c0000000)
  eden space 115712K, 0% used [0x000000061f580000,0x000000061f580000,0x0000000626680000)
  from space 247296K, 46% used [0x0000000626680000,0x000000062d724fe0,0x0000000635800000)
  to   space 236544K, 0% used [0x0000000636980000,0x0000000636980000,0x0000000645080000)
 ParOldGen       total 1524736K, used 1398921K [0x00000002de000000, 0x000000033b100000, 0x000000061f580000)
  object space 1524736K, 91% used [0x00000002de000000,0x00000003336224b0,0x000000033b100000)
 Metaspace       used 7430K, capacity 7726K, committed 7936K, reserved 1056768K
  class space    used 819K, capacity 921K, committed 1024K, reserved 1048576K
}
Event: 4.208 GC heap before
{Heap before GC invocations=33 (full 10):
 PSYoungGen      total 363008K, used 115347K [0x000000061f580000, 0x0000000645080000, 0x00000007c0000000)
  eden space 115712K, 0% used [0x000000061f580000,0x000000061f580000,0x0000000626680000)
  from space 247296K, 46% used [0x0000000626680000,0x000000062d724fe0,0x0000000635800000)
  to   space 236544K, 0% used [0x0000000636980000,0x0000000636980000,0x0000000645080000)
 ParOldGen       total 1524736K, used 1398921K [0x00000002de000000, 0x000000033b100000, 0x000000061f580000)
  object space 1524736K, 91% used [0x00000002de000000,0x00000003336224b0,0x000000033b100000)
 Metaspace       used 7430K, capacity 7726K, committed 7936K, reserved 1056768K
  class space    used 819K, capacity 921K, committed 1024K, reserved 1048576K

